<?xml version="1.0" encoding="UTF-8"?>
<testng-results ignored="0" total="3" passed="2" failed="0" skipped="1">
  <reporter-output>
  </reporter-output>
  <suite started-at="2019-06-24T14:24:09Z" name="Suite" finished-at="2019-06-24T14:24:29Z" duration-ms="19377">
    <groups>
    </groups>
    <test started-at="2019-06-24T14:24:09Z" name="Test" finished-at="2019-06-24T14:24:29Z" duration-ms="19377">
      <class name="testCases.CreateUserPageTest">
        <test-method is-config="true" signature="beforeTest()[pri:0, instance:testCases.CreateUserPageTest@4738a206]" started-at="2019-06-24T14:24:09Z" name="beforeTest" finished-at="2019-06-24T14:24:09Z" duration-ms="1" status="PASS">
          <reporter-output>
          </reporter-output>
        </test-method> <!-- beforeTest -->
        <test-method is-config="true" signature="beforeClass()[pri:0, instance:testCases.CreateUserPageTest@4738a206]" started-at="2019-06-24T14:24:09Z" name="beforeClass" finished-at="2019-06-24T14:24:29Z" duration-ms="19371" status="PASS">
          <reporter-output>
          </reporter-output>
        </test-method> <!-- beforeClass -->
        <test-method signature="createUserByKeyTest(java.lang.String)[pri:0, instance:testCases.CreateUserPageTest@4738a206]" started-at="2019-06-24T14:24:29Z" name="createUserByKeyTest" data-provider="testData" finished-at="2019-06-24T14:24:29Z" duration-ms="0" status="SKIP">
          <exception class="java.lang.RuntimeException">
            <message>
              <![CDATA[java.lang.NoClassDefFoundError: utils/Tools]]>
            </message>
            <full-stacktrace>
              <![CDATA[java.lang.RuntimeException: java.lang.NoClassDefFoundError: utils/Tools
at org.testng.internal.MethodInvocationHelper.invokeMethodNoCheckedException(MethodInvocationHelper.java:49)
at org.testng.internal.MethodInvocationHelper.invokeDataProvider(MethodInvocationHelper.java:131)
at org.testng.internal.Parameters.handleParameters(Parameters.java:706)
at org.testng.internal.ParameterHandler.handleParameters(ParameterHandler.java:49)
at org.testng.internal.ParameterHandler.createParameters(ParameterHandler.java:37)
at org.testng.internal.Invoker.invokeTestMethods(Invoker.java:924)
at org.testng.internal.TestMethodWorker.invokeTestMethods(TestMethodWorker.java:125)
at org.testng.internal.TestMethodWorker.run(TestMethodWorker.java:109)
at org.testng.TestRunner.privateRun(TestRunner.java:648)
at org.testng.TestRunner.run(TestRunner.java:505)
at org.testng.SuiteRunner.runTest(SuiteRunner.java:455)
at org.testng.SuiteRunner.runSequentially(SuiteRunner.java:450)
at org.testng.SuiteRunner.privateRun(SuiteRunner.java:415)
at org.testng.SuiteRunner.run(SuiteRunner.java:364)
at org.testng.SuiteRunnerWorker.runSuite(SuiteRunnerWorker.java:52)
at org.testng.SuiteRunnerWorker.run(SuiteRunnerWorker.java:84)
at org.testng.TestNG.runSuitesSequentially(TestNG.java:1208)
at org.testng.TestNG.runSuitesSequentially(TestNG.java:1204)
at org.testng.TestNG.runSuitesLocally(TestNG.java:1137)
at org.testng.TestNG.runSuites(TestNG.java:1049)
at org.testng.TestNG.run(TestNG.java:1017)
at org.testng.remote.AbstractRemoteTestNG.run(AbstractRemoteTestNG.java:115)
at org.testng.remote.RemoteTestNG.initAndRun(RemoteTestNG.java:251)
at org.testng.remote.RemoteTestNG.main(RemoteTestNG.java:77)
Caused by: java.lang.NoClassDefFoundError: utils/Tools
at testCases.CreateUserPageTest.testData(CreateUserPageTest.java:64)
at java.base/jdk.internal.reflect.NativeMethodAccessorImpl.invoke0(Native Method)
at java.base/jdk.internal.reflect.NativeMethodAccessorImpl.invoke(NativeMethodAccessorImpl.java:62)
at java.base/jdk.internal.reflect.DelegatingMethodAccessorImpl.invoke(DelegatingMethodAccessorImpl.java:43)
at java.base/java.lang.reflect.Method.invoke(Method.java:566)
at org.testng.internal.MethodInvocationHelper.invokeMethod(MethodInvocationHelper.java:124)
at org.testng.internal.MethodInvocationHelper.invokeMethod(MethodInvocationHelper.java:74)
at org.testng.internal.MethodInvocationHelper.invokeMethodNoCheckedException(MethodInvocationHelper.java:45)
... 23 more
Caused by: java.lang.ClassNotFoundException: utils.Tools
at java.base/jdk.internal.loader.BuiltinClassLoader.loadClass(BuiltinClassLoader.java:583)
at java.base/jdk.internal.loader.ClassLoaders$AppClassLoader.loadClass(ClassLoaders.java:178)
at java.base/java.lang.ClassLoader.loadClass(ClassLoader.java:521)
... 31 more
]]>
            </full-stacktrace>
          </exception> <!-- java.lang.RuntimeException -->
          <reporter-output>
          </reporter-output>
        </test-method> <!-- createUserByKeyTest -->
        <test-method is-config="true" signature="afterTest()[pri:0, instance:testCases.CreateUserPageTest@4738a206]" started-at="2019-06-24T14:24:29Z" name="afterTest" finished-at="2019-06-24T14:24:29Z" duration-ms="1" status="PASS">
          <reporter-output>
          </reporter-output>
        </test-method> <!-- afterTest -->
        <test-method is-config="true" signature="afterClass()[pri:0, instance:testCases.CreateUserPageTest@4738a206]" started-at="2019-06-24T14:24:29Z" name="afterClass" finished-at="2019-06-24T14:24:29Z" duration-ms="0" status="PASS">
          <reporter-output>
          </reporter-output>
        </test-method> <!-- afterClass -->
      </class> <!-- testCases.CreateUserPageTest -->
    </test> <!-- Test -->
  </suite> <!-- Suite -->
  <suite started-at="2019-06-24T14:23:28Z" name="LoginPageTest" finished-at="2019-06-24T14:24:09Z" duration-ms="41520">
    <groups>
    </groups>
    <test started-at="2019-06-24T14:23:28Z" name="Test" finished-at="2019-06-24T14:24:09Z" duration-ms="41520">
      <class name="testCases.LoginPageTest">
        <test-method is-config="true" signature="beforeClass()[pri:0, instance:testCases.LoginPageTest@581ac8a8]" started-at="2019-06-24T14:23:28Z" name="beforeClass" finished-at="2019-06-24T14:23:28Z" duration-ms="6" status="PASS">
          <reporter-output>
          </reporter-output>
        </test-method> <!-- beforeClass -->
        <test-method is-config="true" signature="BeforeMethon()[pri:0, instance:testCases.LoginPageTest@581ac8a8]" started-at="2019-06-24T14:23:28Z" name="BeforeMethon" finished-at="2019-06-24T14:23:28Z" duration-ms="1" status="PASS">
          <reporter-output>
          </reporter-output>
        </test-method> <!-- BeforeMethon -->
        <test-method is-config="true" signature="BeforeMethon()[pri:0, instance:testCases.LoginPageTest@581ac8a8]" started-at="2019-06-24T14:23:28Z" name="BeforeMethon" finished-at="2019-06-24T14:23:28Z" duration-ms="1" status="PASS">
          <reporter-output>
          </reporter-output>
        </test-method> <!-- BeforeMethon -->
        <test-method signature="f(java.lang.String, java.lang.String)[pri:0, instance:testCases.LoginPageTest@581ac8a8]" started-at="2019-06-24T14:23:28Z" name="f" data-provider="accountInfo" finished-at="2019-06-24T14:24:09Z" duration-ms="40815" status="PASS">
          <params>
            <param index="0">
              <value>
                <![CDATA[15002991409]]>
              </value>
            </param>
            <param index="1">
              <value>
                <![CDATA[Test1234_]]>
              </value>
            </param>
          </params>
          <reporter-output>
          </reporter-output>
        </test-method> <!-- f -->
        <test-method signature="f(java.lang.String, java.lang.String)[pri:0, instance:testCases.LoginPageTest@581ac8a8]" started-at="2019-06-24T14:23:28Z" name="f" data-provider="accountInfo" finished-at="2019-06-24T14:24:09Z" duration-ms="40909" status="PASS">
          <params>
            <param index="0">
              <value>
                <![CDATA[z00354714]]>
              </value>
            </param>
            <param index="1">
              <value>
                <![CDATA[zyl2019_]]>
              </value>
            </param>
          </params>
          <reporter-output>
          </reporter-output>
        </test-method> <!-- f -->
        <test-method is-config="true" signature="afterMethod()[pri:0, instance:testCases.LoginPageTest@581ac8a8]" started-at="2019-06-24T14:24:09Z" name="afterMethod" finished-at="2019-06-24T14:24:09Z" duration-ms="604" status="PASS">
          <reporter-output>
          </reporter-output>
        </test-method> <!-- afterMethod -->
        <test-method is-config="true" signature="afterMethod()[pri:0, instance:testCases.LoginPageTest@581ac8a8]" started-at="2019-06-24T14:24:09Z" name="afterMethod" finished-at="2019-06-24T14:24:09Z" duration-ms="582" status="PASS">
          <reporter-output>
          </reporter-output>
        </test-method> <!-- afterMethod -->
        <test-method is-config="true" signature="afterTest()[pri:0, instance:testCases.LoginPageTest@581ac8a8]" started-at="2019-06-24T14:24:09Z" name="afterTest" finished-at="2019-06-24T14:24:09Z" duration-ms="1" status="PASS">
          <reporter-output>
          </reporter-output>
        </test-method> <!-- afterTest -->
      </class> <!-- testCases.LoginPageTest -->
    </test> <!-- Test -->
  </suite> <!-- LoginPageTest -->
  <suite started-at="2019-06-24T14:24:29Z" name="-" finished-at="2019-06-24T14:24:29Z" duration-ms="0">
    <groups>
    </groups>
  </suite> <!-- - -->
</testng-results>
